<?xml version="1.0" encoding="UTF-8"?>
<!-- Generated by org.testng.reporters.JUnitXMLReporter -->
<testsuite ignored="0" hostname="Pravin-DESKTOP" failures="1" tests="1" name="Test" time="55.629" errors="0" timestamp="07 Oct 2022 10:20:48 GMT">
  <testcase classname="com.Salesforce.scripts.VerifyLeadGeneration" name="verifyNewLead" time="47.383">
    <failure type="java.lang.AssertionError" message="expected [kale] but found [World]">
      <![CDATA[java.lang.AssertionError: expected [kale] but found [World]
at com.Salesforce.PomPages.LeadDetails.verifyLeadDetails(LeadDetails.java:66)
at com.Salesforce.scripts.VerifyLeadGeneration.verifyNewLead(VerifyLeadGeneration.java:52)
... Removed 31 stack frames]]>
    </failure>
  </testcase> <!-- verifyNewLead -->
</testsuite> <!-- Test -->
