<?xml version="1.0" encoding="UTF-8"?>
<testng-results ignored="0" total="1" passed="1" failed="0" skipped="0">
  <reporter-output>
  </reporter-output>
  <suite started-at="2022-10-07T10:28:52Z" name="Failed suite [Suite]" finished-at="2022-10-07T10:30:04Z" duration-ms="72592">
    <groups>
    </groups>
    <test started-at="2022-10-07T10:28:52Z" name="Test(failed)" finished-at="2022-10-07T10:30:04Z" duration-ms="72592">
      <class name="com.Salesforce.scripts.VerifyLeadGeneration">
        <test-method is-config="true" signature="beforeClass()[pri:0, instance:com.Salesforce.scripts.VerifyLeadGeneration@3c9754d8]" started-at="2022-10-07T10:28:52Z" name="beforeClass" finished-at="2022-10-07T10:28:52Z" duration-ms="31" status="PASS">
          <reporter-output>
          </reporter-output>
        </test-method> <!-- beforeClass -->
        <test-method is-config="true" signature="setUp()[pri:0, instance:com.Salesforce.scripts.VerifyLeadGeneration@3c9754d8]" started-at="2022-10-07T10:28:52Z" name="setUp" finished-at="2022-10-07T10:28:59Z" duration-ms="7559" status="PASS">
          <reporter-output>
          </reporter-output>
        </test-method> <!-- setUp -->
        <test-method signature="verifyNewLead()[pri:0, instance:com.Salesforce.scripts.VerifyLeadGeneration@3c9754d8]" started-at="2022-10-07T10:28:59Z" name="verifyNewLead" finished-at="2022-10-07T10:30:04Z" duration-ms="64964" status="PASS">
          <reporter-output>
          </reporter-output>
        </test-method> <!-- verifyNewLead -->
        <test-method is-config="true" signature="tearDown()[pri:0, instance:com.Salesforce.scripts.VerifyLeadGeneration@3c9754d8]" started-at="2022-10-07T10:30:04Z" name="tearDown" finished-at="2022-10-07T10:30:04Z" duration-ms="0" status="PASS">
          <reporter-output>
          </reporter-output>
        </test-method> <!-- tearDown -->
        <test-method is-config="true" signature="afterClass()[pri:0, instance:com.Salesforce.scripts.VerifyLeadGeneration@3c9754d8]" started-at="2022-10-07T10:30:04Z" name="afterClass" finished-at="2022-10-07T10:30:04Z" duration-ms="0" status="PASS">
          <reporter-output>
          </reporter-output>
        </test-method> <!-- afterClass -->
      </class> <!-- com.Salesforce.scripts.VerifyLeadGeneration -->
    </test> <!-- Test(failed) -->
  </suite> <!-- Failed suite [Suite] -->
</testng-results>
